<?xml version="1.0" encoding="UTF-8"?>
<!-- Generated by org.testng.reporters.JUnitXMLReporter -->
<testsuite hostname="DESKTOP-4KPN36F" ignored="0" name="Command line test" tests="1" failures="1" timestamp="15 апр 2019 22:39:34 GMT" time="7.98" errors="0">
  <testcase name="checkTotalCostInEmailTest" time="0.05" classname="task.com.epam.test.CalculatorPageTwoTest">
    <failure type="java.lang.NullPointerException">
      <![CDATA[java.lang.NullPointerException
at task.com.epam.page.HomePage.openPage(HomePage.java:20)
at task.com.epam.test.CalculatorPageTwoTest.createEstimate(CalculatorPageTwoTest.java:24)
at task.com.epam.test.CalculatorPageTwoTest.checkTotalCostInEmailTest(CalculatorPageTwoTest.java:45)
... Removed 35 stack frames]]>
    </failure>
  </testcase> <!-- checkTotalCostInEmailTest -->
</testsuite> <!-- Command line test -->
