<?xml version="1.0" encoding="UTF-8"?>
<testng-results skipped="0" failed="0" ignored="0" total="1" passed="1">
  <reporter-output>
  </reporter-output>
  <suite name="Command line suite" duration-ms="167144" started-at="2019-04-20T16:45:43Z" finished-at="2019-04-20T16:48:30Z">
    <groups>
    </groups>
    <test name="Command line test" duration-ms="167144" started-at="2019-04-20T16:45:43Z" finished-at="2019-04-20T16:48:30Z">
      <class name="com.epam.test.CalculatorPageTwoTest">
        <test-method status="PASS" signature="setUp()[pri:0, instance:com.epam.test.CalculatorPageTwoTest@1f2a3a5]" name="setUp" is-config="true" duration-ms="35699" started-at="2019-04-20T16:45:43Z" finished-at="2019-04-20T16:46:19Z">
          <reporter-output>
          </reporter-output>
        </test-method> <!-- setUp -->
        <test-method status="PASS" signature="checkTotalCostInEmailTest()[pri:0, instance:com.epam.test.CalculatorPageTwoTest@1f2a3a5]" name="checkTotalCostInEmailTest" duration-ms="129936" started-at="2019-04-20T16:46:19Z" finished-at="2019-04-20T16:48:28Z">
          <reporter-output>
          </reporter-output>
        </test-method> <!-- checkTotalCostInEmailTest -->
        <test-method status="PASS" signature="stopBrowser()[pri:0, instance:com.epam.test.CalculatorPageTwoTest@1f2a3a5]" name="stopBrowser" is-config="true" duration-ms="1349" started-at="2019-04-20T16:48:29Z" finished-at="2019-04-20T16:48:30Z">
          <reporter-output>
          </reporter-output>
        </test-method> <!-- stopBrowser -->
      </class> <!-- com.epam.test.CalculatorPageTwoTest -->
    </test> <!-- Command line test -->
  </suite> <!-- Command line suite -->
</testng-results>
